<?xml version="1.0" encoding="UTF-8"?>
<!-- Generated by org.testng.reporters.JUnitXMLReporter -->
<testsuite ignored="0" hostname="DESKTOP-AF64I13" failures="0" tests="10" name="Default test" time="65.656" errors="0" timestamp="2024-08-05T17:16:04 ALMT">
  <testcase classname="testcase.HomepageTest" name="Advantages" time="3.162"/>
  <testcase classname="testcase.HomepageTest" name="FAQ" time="2.84"/>
  <testcase classname="testcase.HomepageTest" name="HomepageSmokeTest" time="0.837"/>
  <testcase classname="testcase.HomepageTest" name="HowItWorks" time="3.035"/>
  <testcase classname="testcase.HomepageTest" name="MenuLinksTest" time="0.825"/>
  <testcase classname="testcase.HomepageTest" name="docList" time="3.002"/>
  <testcase classname="testcase.HomepageTest" name="footerText" time="0.919"/>
  <testcase classname="testcase.HomepageTest" name="langSwitcherTest" time="1.198"/>
  <testcase classname="testcase.HomepageTest" name="loginButtonTest" time="3.222"/>
  <testcase classname="testcase.HomepageTest" name="logoCheck" time="0.725"/>
</testsuite> <!-- Default test -->
