<?xml version="1.0" encoding="UTF-8"?>
<!-- Generated by org.testng.reporters.JUnitXMLReporter -->
<testsuite ignored="0" hostname="DESKTOP-AF64I13" failures="0" tests="6" name="Default test" time="75.054" errors="0" timestamp="2024-07-23T10:13:33 ALMT">
  <testcase classname="testcase.LoginTest" name="Login" time="6.902"/>
  <testcase classname="testcase.LoginTest" name="Login" time="6.89"/>
  <testcase classname="testcase.LoginTest" name="Login" time="6.887"/>
  <testcase classname="testcase.LoginTest" name="Login" time="6.868"/>
  <testcase classname="testcase.LoginTest" name="Login" time="6.858"/>
  <testcase classname="testcase.LoginTest" name="Login" time="6.894"/>
</testsuite> <!-- Default test -->
