<?xml version="1.0" encoding="UTF-8"?>
<testng-results ignored="0" total="3" passed="3" failed="0" skipped="0">
  <reporter-output>
  </reporter-output>
  <suite started-at="2024-07-22T15:48:05 ALMT" name="Default suite" finished-at="2024-07-22T15:48:50 ALMT" duration-ms="44630">
    <groups>
    </groups>
    <test started-at="2024-07-22T15:48:05 ALMT" name="Default test" finished-at="2024-07-22T15:48:50 ALMT" duration-ms="44630">
      <class name="testcase.LoginTest">
        <test-method is-config="true" signature="setUp()[pri:0, instance:testcase.LoginTest@28eaa59a]" started-at="2024-07-22T15:48:05 ALMT" name="setUp" finished-at="2024-07-22T15:48:13 ALMT" duration-ms="7556" status="PASS">
          <reporter-output>
          </reporter-output>
        </test-method> <!-- setUp -->
        <test-method signature="Login(java.lang.String, java.lang.String)[pri:0, instance:testcase.LoginTest@28eaa59a]" started-at="2024-07-22T15:48:13 ALMT" name="Login" data-provider="testdata" finished-at="2024-07-22T15:48:20 ALMT" duration-ms="6905" status="PASS">
          <params>
            <param index="0">
              <value>
                <![CDATA[citaf36963@acuxi.com]]>
              </value>
            </param>
            <param index="1">
              <value>
                <![CDATA[Aa12345678]]>
              </value>
            </param>
          </params>
          <reporter-output>
          </reporter-output>
        </test-method> <!-- Login -->
        <test-method is-config="true" signature="tearDown()[pri:0, instance:testcase.LoginTest@28eaa59a]" started-at="2024-07-22T15:48:20 ALMT" name="tearDown" finished-at="2024-07-22T15:48:20 ALMT" duration-ms="747" status="PASS">
          <reporter-output>
          </reporter-output>
        </test-method> <!-- tearDown -->
        <test-method is-config="true" signature="setUp()[pri:0, instance:testcase.LoginTest@28eaa59a]" started-at="2024-07-22T15:48:20 ALMT" name="setUp" finished-at="2024-07-22T15:48:26 ALMT" duration-ms="5762" status="PASS">
          <reporter-output>
          </reporter-output>
        </test-method> <!-- setUp -->
        <test-method signature="Login(java.lang.String, java.lang.String)[pri:0, instance:testcase.LoginTest@28eaa59a]" started-at="2024-07-22T15:48:26 ALMT" name="Login" data-provider="testdata" finished-at="2024-07-22T15:48:33 ALMT" duration-ms="6877" status="PASS">
          <params>
            <param index="0">
              <value>
                <![CDATA[pehhtr@ad.ri]]>
              </value>
            </param>
            <param index="1">
              <value>
                <![CDATA[Aa12345678]]>
              </value>
            </param>
          </params>
          <reporter-output>
          </reporter-output>
        </test-method> <!-- Login -->
        <test-method is-config="true" signature="tearDown()[pri:0, instance:testcase.LoginTest@28eaa59a]" started-at="2024-07-22T15:48:33 ALMT" name="tearDown" finished-at="2024-07-22T15:48:34 ALMT" duration-ms="606" status="PASS">
          <reporter-output>
          </reporter-output>
        </test-method> <!-- tearDown -->
        <test-method is-config="true" signature="setUp()[pri:0, instance:testcase.LoginTest@28eaa59a]" started-at="2024-07-22T15:48:34 ALMT" name="setUp" finished-at="2024-07-22T15:48:42 ALMT" duration-ms="8558" status="PASS">
          <reporter-output>
          </reporter-output>
        </test-method> <!-- setUp -->
        <test-method signature="Login(java.lang.String, java.lang.String)[pri:0, instance:testcase.LoginTest@28eaa59a]" started-at="2024-07-22T15:48:42 ALMT" name="Login" data-provider="testdata" finished-at="2024-07-22T15:48:49 ALMT" duration-ms="6896" status="PASS">
          <params>
            <param index="0">
              <value>
                <![CDATA[erkejan.amanjolovna@gmail.com]]>
              </value>
            </param>
            <param index="1">
              <value>
                <![CDATA[Qwerty123]]>
              </value>
            </param>
          </params>
          <reporter-output>
          </reporter-output>
        </test-method> <!-- Login -->
        <test-method is-config="true" signature="tearDown()[pri:0, instance:testcase.LoginTest@28eaa59a]" started-at="2024-07-22T15:48:49 ALMT" name="tearDown" finished-at="2024-07-22T15:48:50 ALMT" duration-ms="690" status="PASS">
          <reporter-output>
          </reporter-output>
        </test-method> <!-- tearDown -->
      </class> <!-- testcase.LoginTest -->
    </test> <!-- Default test -->
  </suite> <!-- Default suite -->
</testng-results>
